<?xml version="1.0" encoding="UTF-8"?><users><user><userId>appsml2</userId><password>ecofactor</password><features><feature>login.valid</feature><feature>thermostat.multiple</feature><feature>thermostat.dataCollection</feature><feature>mode.heat</feature><feature>mode.cool</feature><feature>mode.off</feature><feature>thermostat.connected</feature><feature>location.multiple</feature></features><thermostats><thermostat id="17119"><mode>Heat</mode><mode>Cool</mode><status>Connected</status></thermostat><thermostat id="17118"><mode>Heat</mode><mode>Cool</mode><status>Connected</status></thermostat></thermostats></user></users>